<?xml version="1.0" encoding="UTF-8"?>
<testng-results ignored="0" total="1" passed="1" failed="0" skipped="0">
  <reporter-output>
  </reporter-output>
  <suite started-at="2025-08-25T15:37:00Z" name="Suite" finished-at="2025-08-25T15:37:14Z" duration-ms="13425">
    <groups>
      <group name="Regression">
        <method signature="TC002_loginpage.verifylogin()[pri:0, instance:testCases.TC002_loginpage@6be968ce]" name="verifylogin" class="testCases.TC002_loginpage"/>
      </group> <!-- Regression -->
    </groups>
    <test started-at="2025-08-25T15:37:00Z" name="Test" finished-at="2025-08-25T15:37:14Z" duration-ms="13425">
      <class name="testCases.TC002_loginpage">
        <test-method is-config="true" signature="setup(java.lang.String, java.lang.String)[pri:0, instance:testCases.TC002_loginpage@6be968ce]" started-at="2025-08-25T15:37:00Z" name="setup" finished-at="2025-08-25T15:37:12Z" duration-ms="11893" status="PASS">
          <params>
            <param index="0">
              <value>
                <![CDATA[windows]]>
              </value>
            </param>
            <param index="1">
              <value>
                <![CDATA[chrome]]>
              </value>
            </param>
          </params>
          <reporter-output>
          </reporter-output>
        </test-method> <!-- setup -->
        <test-method signature="verifylogin()[pri:0, instance:testCases.TC002_loginpage@6be968ce]" started-at="2025-08-25T15:37:12Z" name="verifylogin" finished-at="2025-08-25T15:37:14Z" duration-ms="1450" status="PASS">
          <reporter-output>
          </reporter-output>
        </test-method> <!-- verifylogin -->
        <test-method is-config="true" signature="teardown()[pri:0, instance:testCases.TC002_loginpage@6be968ce]" started-at="2025-08-25T15:37:14Z" name="teardown" finished-at="2025-08-25T15:37:14Z" duration-ms="74" status="PASS">
          <reporter-output>
          </reporter-output>
        </test-method> <!-- teardown -->
      </class> <!-- testCases.TC002_loginpage -->
    </test> <!-- Test -->
  </suite> <!-- Suite -->
</testng-results>
